# JRE version: OpenJDK Runtime Environment (11.0.11+9) (build 11.0.11+9-b60-7590822)
# Java VM: OpenJDK 64-Bit Server VM (11.0.11+9-b60-7590822, mixed mode, tiered, compressed oops, g1 gc, windows-amd64)
Heap:
 garbage-first heap   total 129024K, used 99235K [0x00000000a0000000, 0x0000000100000000)
  region size 1024K, 22 young (22528K), 3 survivors (3072K)
 Metaspace       used 71699K, capacity 73437K, committed 73600K, reserved 1114112K
  class space    used 9108K, capacity 9684K, committed 9728K, reserved 1048576K
GC Heap History (20 events):
Event: 8.299 GC heap before
{Heap before GC invocations=9 (full 0):
 garbage-first heap   total 129024K, used 86743K [0x00000000a0000000, 0x0000000100000000)
  region size 1024K, 54 young (55296K), 4 survivors (4096K)
 Metaspace       used 44539K, capacity 45565K, committed 45644K, reserved 1089536K
  class space    used 5703K, capacity 6000K, committed 6016K, reserved 1048576K
}
Event: 8.308 GC heap after
{Heap after GC invocations=10 (full 0):
 garbage-first heap   total 129024K, used 42211K [0x00000000a0000000, 0x0000000100000000)
  region size 1024K, 7 young (7168K), 7 survivors (7168K)
 Metaspace       used 44539K, capacity 45565K, committed 45644K, reserved 1089536K
  class space    used 5703K, capacity 6000K, committed 6016K, reserved 1048576K
}
Event: 9.343 GC heap before
{Heap before GC invocations=10 (full 0):
 garbage-first heap   total 129024K, used 88291K [0x00000000a0000000, 0x0000000100000000)
  region size 1024K, 53 young (54272K), 7 survivors (7168K)
 Metaspace       used 50727K, capacity 51780K, committed 52044K, reserved 1095680K
  class space    used 6426K, capacity 6770K, committed 6784K, reserved 1048576K
}
Event: 9.353 GC heap after
{Heap after GC invocations=11 (full 0):
 garbage-first heap   total 129024K, used 46439K [0x00000000a0000000, 0x0000000100000000)
  region size 1024K, 4 young (4096K), 4 survivors (4096K)
 Metaspace       used 50727K, capacity 51780K, committed 52044K, reserved 1095680K
  class space    used 6426K, capacity 6770K, committed 6784K, reserved 1048576K
}
Event: 10.586 GC heap before
{Heap before GC invocations=11 (full 0):
 garbage-first heap   total 129024K, used 92519K [0x00000000a0000000, 0x0000000100000000)
  region size 1024K, 49 young (50176K), 4 survivors (4096K)
 Metaspace       used 55691K, capacity 56960K, committed 57164K, reserved 1099776K
  class space    used 7048K, capacity 7430K, committed 7552K, reserved 1048576K
}
Event: 10.594 GC heap after
{Heap after GC invocations=12 (full 0):
 garbage-first heap   total 129024K, used 49859K [0x00000000a0000000, 0x0000000100000000)
  region size 1024K, 7 young (7168K), 7 survivors (7168K)
 Metaspace       used 55691K, capacity 56960K, committed 57164K, reserved 1099776K
  class space    used 7048K, capacity 7430K, committed 7552K, reserved 1048576K
}
Event: 11.061 GC heap before
{Heap before GC invocations=12 (full 0):
 garbage-first heap   total 129024K, used 78531K [0x00000000a0000000, 0x0000000100000000)
  region size 1024K, 36 young (36864K), 7 survivors (7168K)
 Metaspace       used 58875K, capacity 60146K, committed 60288K, reserved 1101824K
  class space    used 7474K, capacity 7875K, committed 7936K, reserved 1048576K
}
Event: 11.076 GC heap after
{Heap after GC invocations=13 (full 0):
 garbage-first heap   total 129024K, used 51555K [0x00000000a0000000, 0x0000000100000000)
  region size 1024K, 6 young (6144K), 6 survivors (6144K)
 Metaspace       used 58875K, capacity 60146K, committed 60288K, reserved 1101824K
  class space    used 7474K, capacity 7875K, committed 7936K, reserved 1048576K
}
Event: 12.028 GC heap before
{Heap before GC invocations=14 (full 0):
 garbage-first heap   total 129024K, used 92515K [0x00000000a0000000, 0x0000000100000000)
  region size 1024K, 46 young (47104K), 6 survivors (6144K)
 Metaspace       used 64128K, capacity 65588K, committed 65792K, reserved 1105920K
  class space    used 8236K, capacity 8719K, committed 8832K, reserved 1048576K
}
Event: 12.045 GC heap after
{Heap after GC invocations=15 (full 0):
 garbage-first heap   total 129024K, used 54025K [0x00000000a0000000, 0x0000000100000000)
  region size 1024K, 4 young (4096K), 4 survivors (4096K)
 Metaspace       used 64128K, capacity 65588K, committed 65792K, reserved 1105920K
  class space    used 8236K, capacity 8719K, committed 8832K, reserved 1048576K
}
Event: 13.148 GC heap before
{Heap before GC invocations=16 (full 0):
 garbage-first heap   total 129024K, used 96009K [0x00000000a0000000, 0x0000000100000000)
  region size 1024K, 45 young (46080K), 4 survivors (4096K)
 Metaspace       used 67798K, capacity 69319K, committed 69632K, reserved 1110016K
  class space    used 8749K, capacity 9266K, committed 9344K, reserved 1048576K
}
Event: 13.158 GC heap after
{Heap after GC invocations=17 (full 0):
 garbage-first heap   total 129024K, used 57632K [0x00000000a0000000, 0x0000000100000000)
  region size 1024K, 6 young (6144K), 6 survivors (6144K)
 Metaspace       used 67798K, capacity 69319K, committed 69632K, reserved 1110016K
  class space    used 8749K, capacity 9266K, committed 9344K, reserved 1048576K
}
Event: 14.000 GC heap before
{Heap before GC invocations=17 (full 0):
 garbage-first heap   total 129024K, used 97568K [0x00000000a0000000, 0x0000000100000000)
  region size 1024K, 46 young (47104K), 6 survivors (6144K)
 Metaspace       used 68984K, capacity 70619K, committed 70784K, reserved 1110016K
  class space    used 8866K, capacity 9387K, committed 9472K, reserved 1048576K
}
Event: 14.013 GC heap after
{Heap after GC invocations=18 (full 0):
 garbage-first heap   total 129024K, used 61154K [0x00000000a0000000, 0x0000000100000000)
  region size 1024K, 4 young (4096K), 4 survivors (4096K)
 Metaspace       used 68984K, capacity 70619K, committed 70784K, reserved 1110016K
  class space    used 8866K, capacity 9387K, committed 9472K, reserved 1048576K
}
Event: 15.284 GC heap before
{Heap before GC invocations=18 (full 0):
 garbage-first heap   total 129024K, used 100066K [0x00000000a0000000, 0x0000000100000000)
  region size 1024K, 43 young (44032K), 4 survivors (4096K)
 Metaspace       used 70333K, capacity 71943K, committed 72192K, reserved 1112064K
  class space    used 8993K, capacity 9502K, committed 9600K, reserved 1048576K
}
Event: 15.294 GC heap after
{Heap after GC invocations=19 (full 0):
 garbage-first heap   total 129024K, used 65944K [0x00000000a0000000, 0x0000000100000000)
  region size 1024K, 6 young (6144K), 6 survivors (6144K)
 Metaspace       used 70333K, capacity 71943K, committed 72192K, reserved 1112064K
  class space    used 8993K, capacity 9502K, committed 9600K, reserved 1048576K
}
Event: 16.914 GC heap before
{Heap before GC invocations=19 (full 0):
 garbage-first heap   total 129024K, used 100760K [0x00000000a0000000, 0x0000000100000000)
  region size 1024K, 41 young (41984K), 6 survivors (6144K)
 Metaspace       used 70971K, capacity 72542K, committed 72704K, reserved 1112064K
  class space    used 9037K, capacity 9572K, committed 9600K, reserved 1048576K
}
Event: 16.925 GC heap after
{Heap after GC invocations=20 (full 0):
 garbage-first heap   total 129024K, used 71584K [0x00000000a0000000, 0x0000000100000000)
  region size 1024K, 6 young (6144K), 6 survivors (6144K)
 Metaspace       used 70971K, capacity 72542K, committed 72704K, reserved 1112064K
  class space    used 9037K, capacity 9572K, committed 9600K, reserved 1048576K
}
Event: 17.696 GC heap before
{Heap before GC invocations=21 (full 0):
 garbage-first heap   total 129024K, used 80800K [0x00000000a0000000, 0x0000000100000000)
  region size 1024K, 17 young (17408K), 6 survivors (6144K)
 Metaspace       used 71041K, capacity 72639K, committed 72704K, reserved 1112064K
  class space    used 9036K, capacity 9559K, committed 9600K, reserved 1048576K
}
Event: 17.707 GC heap after
{Heap after GC invocations=22 (full 0):
 garbage-first heap   total 129024K, used 73635K [0x00000000a0000000, 0x0000000100000000)
  region size 1024K, 3 young (3072K), 3 survivors (3072K)
 Metaspace       used 71041K, capacity 72639K, committed 72704K, reserved 1112064K
  class space    used 9036K, capacity 9559K, committed 9600K, reserved 1048576K
}

